<?xml version="1.0" encoding="UTF-8"?>
<!-- Generated by org.testng.reporters.JUnitReportReporter -->
<testsuite skipped="0" hostname="LAPTOP-FVHGTIBQ" name="GG.HomePageTests.HomePage" tests="3" failures="0" timestamp="2022-12-14T22:42:33 IST" time="81.829" errors="0">
  <testcase name="courseList" time="21.710" classname="GG.HomePageTests.HomePage"/>
  <system-out/>
  <testcase name="VerifyTitleOfHomePage" time="40.212" classname="GG.HomePageTests.HomePage"/>
  <system-out/>
  <testcase name="verifyListOfOptionsonHomePage" time="19.907" classname="GG.HomePageTests.HomePage"/>
  <system-out/>
</testsuite> <!-- GG.HomePageTests.HomePage -->
